{"/jail/world-cup-lives-2026/backend/src/app.controller.ts": {"path":"/jail/world-cup-lives-2026/backend/src/app.controller.ts","statementMap":{"0":{"start":{"line":1,"column":0},"end":{"line":1,"column":49}},"1":{"start":{"line":2,"column":0},"end":{"line":2,"column":43}},"2":{"start":{"line":5,"column":7},"end":{"line":12,"column":null}},"3":{"start":{"line":6,"column":31},"end":{"line":6,"column":43}},"4":{"start":{"line":10,"column":4},"end":{"line":10,"column":38}},"5":{"start":{"line":5,"column":13},"end":{"line":5,"column":26}},"6":{"start":{"line":9,"column":2},"end":{"line":11,"column":null}},"7":{"start":{"line":5,"column":13},"end":{"line":12,"column":null}}},"fnMap":{"0":{"name":"(anonymous_2)","decl":{"start":{"line":6,"column":2},"end":{"line":6,"column":31}},"loc":{"start":{"line":6,"column":53},"end":{"line":6,"column":57}}},"1":{"name":"(anonymous_3)","decl":{"start":{"line":9,"column":2},"end":{"line":9,"column":10}},"loc":{"start":{"line":9,"column":10},"end":{"line":11,"column":3}}}},"branchMap":{"0":{"loc":{"start":{"line":6,"column":43},"end":{"line":6,"column":56}},"type":"cond-expr","locations":[{"start":{"line":6,"column":53},"end":{"line":6,"column":56}},{"start":{"line":6,"column":53},"end":{"line":6,"column":56}}]},"1":{"loc":{"start":{"line":6,"column":43},"end":{"line":6,"column":53}},"type":"binary-expr","locations":[{"start":{"line":6,"column":43},"end":{"line":6,"column":56}},{"start":{"line":6,"column":43},"end":{"line":6,"column":53}}]}},"s":{"0":1,"1":1,"2":1,"3":1,"4":1,"5":1,"6":1,"7":1},"f":{"0":1,"1":1},"b":{"0":[1,0],"1":[1,1]}}
,"/jail/world-cup-lives-2026/backend/src/app.module.ts": {"path":"/jail/world-cup-lives-2026/backend/src/app.module.ts","statementMap":{"0":{"start":{"line":1,"column":0},"end":{"line":1,"column":40}},"1":{"start":{"line":2,"column":0},"end":{"line":2,"column":49}},"2":{"start":{"line":3,"column":0},"end":{"line":3,"column":43}},"3":{"start":{"line":4,"column":0},"end":{"line":4,"column":45}},"4":{"start":{"line":11,"column":7},"end":{"line":11,"column":null}},"5":{"start":{"line":11,"column":13},"end":{"line":11,"column":22}},"6":{"start":{"line":11,"column":13},"end":{"line":11,"column":null}}},"fnMap":{},"branchMap":{},"s":{"0":0,"1":0,"2":0,"3":0,"4":0,"5":0,"6":0},"f":{},"b":{}}
,"/jail/world-cup-lives-2026/backend/src/app.service.ts": {"path":"/jail/world-cup-lives-2026/backend/src/app.service.ts","statementMap":{"0":{"start":{"line":1,"column":0},"end":{"line":1,"column":44}},"1":{"start":{"line":4,"column":7},"end":{"line":8,"column":null}},"2":{"start":{"line":6,"column":4},"end":{"line":6,"column":26}},"3":{"start":{"line":4,"column":13},"end":{"line":4,"column":23}},"4":{"start":{"line":4,"column":13},"end":{"line":8,"column":null}}},"fnMap":{"0":{"name":"(anonymous_1)","decl":{"start":{"line":5,"column":2},"end":{"line":5,"column":10}},"loc":{"start":{"line":5,"column":10},"end":{"line":7,"column":3}}}},"branchMap":{},"s":{"0":1,"1":1,"2":1,"3":1,"4":1},"f":{"0":1},"b":{}}
,"/jail/world-cup-lives-2026/backend/src/main.ts": {"path":"/jail/world-cup-lives-2026/backend/src/main.ts","statementMap":{"0":{"start":{"line":1,"column":0},"end":{"line":1,"column":43}},"1":{"start":{"line":2,"column":0},"end":{"line":2,"column":41}},"2":{"start":{"line":5,"column":14},"end":{"line":5,"column":49}},"3":{"start":{"line":6,"column":2},"end":{"line":6,"column":45}},"4":{"start":{"line":8,"column":0},"end":{"line":8,"column":12}}},"fnMap":{"0":{"name":"bootstrap","decl":{"start":{"line":4,"column":15},"end":{"line":4,"column":24}},"loc":{"start":{"line":4,"column":24},"end":{"line":7,"column":1}}}},"branchMap":{"0":{"loc":{"start":{"line":6,"column":19},"end":{"line":6,"column":43}},"type":"binary-expr","locations":[{"start":{"line":6,"column":19},"end":{"line":6,"column":35}},{"start":{"line":6,"column":39},"end":{"line":6,"column":43}}]}},"s":{"0":0,"1":0,"2":0,"3":0,"4":0},"f":{"0":0},"b":{"0":[0,0]}}
,"/jail/world-cup-lives-2026/backend/src/video.module.ts": {"path":"/jail/world-cup-lives-2026/backend/src/video.module.ts","statementMap":{"0":{"start":{"line":1,"column":0},"end":{"line":1,"column":40}},"1":{"start":{"line":2,"column":0},"end":{"line":2,"column":91}},"2":{"start":{"line":3,"column":0},"end":{"line":3,"column":70}},"3":{"start":{"line":4,"column":0},"end":{"line":4,"column":72}},"4":{"start":{"line":5,"column":0},"end":{"line":5,"column":77}},"5":{"start":{"line":6,"column":0},"end":{"line":6,"column":94}},"6":{"start":{"line":7,"column":0},"end":{"line":7,"column":74}},"7":{"start":{"line":23,"column":7},"end":{"line":23,"column":null}},"8":{"start":{"line":23,"column":13},"end":{"line":23,"column":24}},"9":{"start":{"line":23,"column":13},"end":{"line":23,"column":null}}},"fnMap":{},"branchMap":{},"s":{"0":0,"1":0,"2":0,"3":0,"4":0,"5":0,"6":0,"7":0,"8":0,"9":0},"f":{},"b":{}}
,"/jail/world-cup-lives-2026/backend/src/application/ports/IStorageService.ts": {"path":"/jail/world-cup-lives-2026/backend/src/application/ports/IStorageService.ts","statementMap":{"0":{"start":{"line":4,"column":13},"end":{"line":4,"column":57}}},"fnMap":{},"branchMap":{},"s":{"0":0},"f":{},"b":{}}
,"/jail/world-cup-lives-2026/backend/src/application/ports/IVideoRepository.ts": {"path":"/jail/world-cup-lives-2026/backend/src/application/ports/IVideoRepository.ts","statementMap":{"0":{"start":{"line":7,"column":13},"end":{"line":7,"column":59}}},"fnMap":{},"branchMap":{},"s":{"0":0},"f":{},"b":{}}
,"/jail/world-cup-lives-2026/backend/src/application/usecases/GenerateUploadUrlUseCase.ts": {"path":"/jail/world-cup-lives-2026/backend/src/application/usecases/GenerateUploadUrlUseCase.ts","statementMap":{"0":{"start":{"line":1,"column":0},"end":{"line":1,"column":52}},"1":{"start":{"line":2,"column":0},"end":{"line":2,"column":59}},"2":{"start":{"line":3,"column":0},"end":{"line":3,"column":61}},"3":{"start":{"line":4,"column":0},"end":{"line":4,"column":49}},"4":{"start":{"line":5,"column":0},"end":{"line":5,"column":61}},"5":{"start":{"line":6,"column":0},"end":{"line":6,"column":36}},"6":{"start":{"line":9,"column":7},"end":{"line":36,"column":null}},"7":{"start":{"line":11,"column":46},"end":{"line":11,"column":62}},"8":{"start":{"line":12,"column":47},"end":{"line":12,"column":64}},"9":{"start":{"line":16,"column":20},"end":{"line":16,"column":28}},"10":{"start":{"line":17,"column":22},"end":{"line":17,"column":72}},"11":{"start":{"line":20,"column":22},"end":{"line":20,"column":98}},"12":{"start":{"line":23,"column":18},"end":{"line":28,"column":null}},"13":{"start":{"line":32,"column":4},"end":{"line":32,"column":43}},"14":{"start":{"line":34,"column":4},"end":{"line":34,"column":39}},"15":{"start":{"line":9,"column":13},"end":{"line":9,"column":37}},"16":{"start":{"line":9,"column":13},"end":{"line":36,"column":null}}},"fnMap":{"0":{"name":"(anonymous_4)","decl":{"start":{"line":10,"column":2},"end":{"line":10,"column":null}},"loc":{"start":{"line":12,"column":80},"end":{"line":13,"column":6}}},"1":{"name":"(anonymous_5)","decl":{"start":{"line":15,"column":2},"end":{"line":15,"column":7}},"loc":{"start":{"line":15,"column":77},"end":{"line":35,"column":3}}}},"branchMap":{"0":{"loc":{"start":{"line":11,"column":62},"end":{"line":11,"column":null}},"type":"cond-expr","locations":[{"start":{"line":11,"column":77},"end":{"line":11,"column":null}},{"start":{"line":11,"column":77},"end":{"line":11,"column":null}}]},"1":{"loc":{"start":{"line":11,"column":62},"end":{"line":11,"column":77}},"type":"binary-expr","locations":[{"start":{"line":11,"column":62},"end":{"line":11,"column":null}},{"start":{"line":11,"column":62},"end":{"line":11,"column":77}}]},"2":{"loc":{"start":{"line":11,"column":77},"end":{"line":12,"column":null}},"type":"cond-expr","locations":[{"start":{"line":12,"column":80},"end":{"line":12,"column":null}},{"start":{"line":12,"column":80},"end":{"line":12,"column":null}}]},"3":{"loc":{"start":{"line":11,"column":77},"end":{"line":12,"column":80}},"type":"binary-expr","locations":[{"start":{"line":11,"column":77},"end":{"line":12,"column":null}},{"start":{"line":12,"column":64},"end":{"line":12,"column":80}}]}},"s":{"0":0,"1":0,"2":0,"3":0,"4":0,"5":0,"6":0,"7":0,"8":0,"9":0,"10":0,"11":0,"12":0,"13":0,"14":0,"15":0,"16":0},"f":{"0":0,"1":0},"b":{"0":[0,0],"1":[0,0],"2":[0,0],"3":[0,0]}}
,"/jail/world-cup-lives-2026/backend/src/domain/video/Video.ts": {"path":"/jail/world-cup-lives-2026/backend/src/domain/video/Video.ts","statementMap":{"0":{"start":{"line":1,"column":0},"end":{"line":1,"column":44}},"1":{"start":{"line":5,"column":20},"end":{"line":5,"column":30}},"2":{"start":{"line":6,"column":20},"end":{"line":6,"column":34}},"3":{"start":{"line":7,"column":20},"end":{"line":7,"column":44}},"4":{"start":{"line":8,"column":11},"end":{"line":8,"column":30}},"5":{"start":{"line":9,"column":11},"end":{"line":9,"column":26}},"6":{"start":{"line":10,"column":11},"end":{"line":10,"column":41}},"7":{"start":{"line":14,"column":4},"end":{"line":16,"column":5}},"8":{"start":{"line":15,"column":6},"end":{"line":15,"column":85}},"9":{"start":{"line":17,"column":4},"end":{"line":17,"column":39}},"10":{"start":{"line":3,"column":0},"end":{"line":3,"column":13}}},"fnMap":{"0":{"name":"(anonymous_0)","decl":{"start":{"line":4,"column":2},"end":{"line":4,"column":null}},"loc":{"start":{"line":10,"column":41},"end":{"line":11,"column":6}}},"1":{"name":"(anonymous_1)","decl":{"start":{"line":13,"column":9},"end":{"line":13,"column":23}},"loc":{"start":{"line":13,"column":23},"end":{"line":18,"column":3}}}},"branchMap":{"0":{"loc":{"start":{"line":14,"column":4},"end":{"line":16,"column":5}},"type":"if","locations":[{"start":{"line":14,"column":4},"end":{"line":16,"column":5}},{"start":{},"end":{}}]},"1":{"loc":{"start":{"line":14,"column":8},"end":{"line":14,"column":84}},"type":"binary-expr","locations":[{"start":{"line":14,"column":8},"end":{"line":14,"column":43}},{"start":{"line":14,"column":47},"end":{"line":14,"column":84}}]}},"s":{"0":1,"1":3,"2":3,"3":3,"4":3,"5":3,"6":3,"7":2,"8":1,"9":1,"10":1},"f":{"0":3,"1":2},"b":{"0":[1,1],"1":[2,1]}}
,"/jail/world-cup-lives-2026/backend/src/domain/video/VideoStatus.ts": {"path":"/jail/world-cup-lives-2026/backend/src/domain/video/VideoStatus.ts","statementMap":{"0":{"start":{"line":1,"column":0},"end":{"line":1,"column":null}},"1":{"start":{"line":2,"column":2},"end":{"line":2,"column":null}},"2":{"start":{"line":3,"column":2},"end":{"line":3,"column":null}},"3":{"start":{"line":4,"column":2},"end":{"line":4,"column":null}},"4":{"start":{"line":5,"column":2},"end":{"line":5,"column":null}},"5":{"start":{"line":6,"column":2},"end":{"line":6,"column":null}},"6":{"start":{"line":7,"column":2},"end":{"line":7,"column":null}}},"fnMap":{"0":{"name":"(anonymous_0)","decl":{"start":{"line":1,"column":0},"end":{"line":1,"column":12}},"loc":{"start":{"line":1,"column":23},"end":{"line":8,"column":1}}}},"branchMap":{"0":{"loc":{"start":{"line":1,"column":12},"end":{"line":1,"column":null}},"type":"binary-expr","locations":[{"start":{"line":1,"column":12},"end":{"line":1,"column":23}},{"start":{"line":1,"column":23},"end":{"line":1,"column":null}}]}},"s":{"0":1,"1":1,"2":1,"3":1,"4":1,"5":1,"6":1},"f":{"0":1},"b":{"0":[1,1]}}
,"/jail/world-cup-lives-2026/backend/src/infrastructure/database/CassandraVideoRepository.ts": {"path":"/jail/world-cup-lives-2026/backend/src/infrastructure/database/CassandraVideoRepository.ts","statementMap":{"0":{"start":{"line":1,"column":0},"end":{"line":1,"column":44}},"1":{"start":{"line":2,"column":0},"end":{"line":2,"column":42}},"2":{"start":{"line":4,"column":0},"end":{"line":4,"column":49}},"3":{"start":{"line":8,"column":7},"end":{"line":51,"column":null}},"4":{"start":{"line":12,"column":4},"end":{"line":16,"column":7}},"5":{"start":{"line":20,"column":18},"end":{"line":23,"column":6}},"6":{"start":{"line":24,"column":4},"end":{"line":31,"column":26}},"7":{"start":{"line":35,"column":18},"end":{"line":35,"column":53}},"8":{"start":{"line":36,"column":19},"end":{"line":36,"column":76}},"9":{"start":{"line":38,"column":4},"end":{"line":38,"column":44}},"10":{"start":{"line":38,"column":32},"end":{"line":38,"column":44}},"11":{"start":{"line":40,"column":16},"end":{"line":40,"column":30}},"12":{"start":{"line":41,"column":18},"end":{"line":47,"column":null}},"13":{"start":{"line":49,"column":4},"end":{"line":49,"column":17}},"14":{"start":{"line":8,"column":13},"end":{"line":8,"column":37}},"15":{"start":{"line":8,"column":13},"end":{"line":51,"column":null}}},"fnMap":{"0":{"name":"(anonymous_2)","decl":{"start":{"line":11,"column":2},"end":{"line":11,"column":null}},"loc":{"start":{"line":11,"column":2},"end":{"line":17,"column":3}}},"1":{"name":"(anonymous_3)","decl":{"start":{"line":19,"column":2},"end":{"line":19,"column":7}},"loc":{"start":{"line":19,"column":25},"end":{"line":32,"column":3}}},"2":{"name":"(anonymous_4)","decl":{"start":{"line":34,"column":2},"end":{"line":34,"column":7}},"loc":{"start":{"line":34,"column":27},"end":{"line":50,"column":3}}}},"branchMap":{"0":{"loc":{"start":{"line":13,"column":22},"end":{"line":13,"column":72}},"type":"binary-expr","locations":[{"start":{"line":13,"column":22},"end":{"line":13,"column":57}},{"start":{"line":13,"column":61},"end":{"line":13,"column":72}}]},"1":{"loc":{"start":{"line":14,"column":23},"end":{"line":14,"column":56}},"type":"binary-expr","locations":[{"start":{"line":14,"column":23},"end":{"line":14,"column":47}},{"start":{"line":14,"column":51},"end":{"line":14,"column":56}}]},"2":{"loc":{"start":{"line":15,"column":16},"end":{"line":15,"column":55}},"type":"binary-expr","locations":[{"start":{"line":15,"column":16},"end":{"line":15,"column":46}},{"start":{"line":15,"column":50},"end":{"line":15,"column":55}}]},"3":{"loc":{"start":{"line":30,"column":6},"end":{"line":30,"column":60}},"type":"cond-expr","locations":[{"start":{"line":30,"column":23},"end":{"line":30,"column":53}},{"start":{"line":30,"column":56},"end":{"line":30,"column":60}}]},"4":{"loc":{"start":{"line":38,"column":4},"end":{"line":38,"column":44}},"type":"if","locations":[{"start":{"line":38,"column":4},"end":{"line":38,"column":44}},{"start":{},"end":{}}]},"5":{"loc":{"start":{"line":47,"column":6},"end":{"line":47,"column":57}},"type":"cond-expr","locations":[{"start":{"line":47,"column":21},"end":{"line":47,"column":45}},{"start":{"line":47,"column":48},"end":{"line":47,"column":57}}]}},"s":{"0":0,"1":0,"2":0,"3":0,"4":0,"5":0,"6":0,"7":0,"8":0,"9":0,"10":0,"11":0,"12":0,"13":0,"14":0,"15":0},"f":{"0":0,"1":0,"2":0},"b":{"0":[0,0],"1":[0,0],"2":[0,0],"3":[0,0],"4":[0,0],"5":[0,0]}}
,"/jail/world-cup-lives-2026/backend/src/infrastructure/http/UploadController.ts": {"path":"/jail/world-cup-lives-2026/backend/src/infrastructure/http/UploadController.ts","statementMap":{"0":{"start":{"line":1,"column":0},"end":{"line":1,"column":56}},"1":{"start":{"line":2,"column":0},"end":{"line":2,"column":95}},"2":{"start":{"line":11,"column":7},"end":{"line":23,"column":null}},"3":{"start":{"line":12,"column":31},"end":{"line":12,"column":57}},"4":{"start":{"line":16,"column":19},"end":{"line":19,"column":null}},"5":{"start":{"line":21,"column":4},"end":{"line":21,"column":18}},"6":{"start":{"line":11,"column":13},"end":{"line":11,"column":29}},"7":{"start":{"line":15,"column":8},"end":{"line":22,"column":null}},"8":{"start":{"line":11,"column":13},"end":{"line":23,"column":null}}},"fnMap":{"0":{"name":"(anonymous_4)","decl":{"start":{"line":12,"column":2},"end":{"line":12,"column":31}},"loc":{"start":{"line":12,"column":81},"end":{"line":12,"column":85}}},"1":{"name":"(anonymous_5)","decl":{"start":{"line":15,"column":8},"end":{"line":15,"column":23}},"loc":{"start":{"line":15,"column":54},"end":{"line":22,"column":3}}}},"branchMap":{"0":{"loc":{"start":{"line":12,"column":57},"end":{"line":12,"column":84}},"type":"cond-expr","locations":[{"start":{"line":12,"column":81},"end":{"line":12,"column":84}},{"start":{"line":12,"column":81},"end":{"line":12,"column":84}}]},"1":{"loc":{"start":{"line":12,"column":57},"end":{"line":12,"column":81}},"type":"binary-expr","locations":[{"start":{"line":12,"column":57},"end":{"line":12,"column":84}},{"start":{"line":12,"column":57},"end":{"line":12,"column":81}}]}},"s":{"0":0,"1":0,"2":0,"3":0,"4":0,"5":0,"6":0,"7":0,"8":0},"f":{"0":0,"1":0},"b":{"0":[0,0],"1":[0,0]}}
,"/jail/world-cup-lives-2026/backend/src/infrastructure/storage/S3StorageService.ts": {"path":"/jail/world-cup-lives-2026/backend/src/infrastructure/storage/S3StorageService.ts","statementMap":{"0":{"start":{"line":1,"column":0},"end":{"line":1,"column":44}},"1":{"start":{"line":2,"column":0},"end":{"line":2,"column":64}},"2":{"start":{"line":3,"column":0},"end":{"line":3,"column":61}},"3":{"start":{"line":7,"column":7},"end":{"line":33,"column":null}},"4":{"start":{"line":9,"column":23},"end":{"line":9,"column":59}},"5":{"start":{"line":12,"column":4},"end":{"line":20,"column":7}},"6":{"start":{"line":24,"column":20},"end":{"line":28,"column":6}},"7":{"start":{"line":31,"column":4},"end":{"line":31,"column":75}},"8":{"start":{"line":7,"column":13},"end":{"line":7,"column":29}},"9":{"start":{"line":7,"column":13},"end":{"line":33,"column":null}}},"fnMap":{"0":{"name":"(anonymous_2)","decl":{"start":{"line":11,"column":2},"end":{"line":11,"column":null}},"loc":{"start":{"line":11,"column":2},"end":{"line":21,"column":3}}},"1":{"name":"(anonymous_3)","decl":{"start":{"line":23,"column":2},"end":{"line":23,"column":7}},"loc":{"start":{"line":23,"column":73},"end":{"line":32,"column":3}}}},"branchMap":{"0":{"loc":{"start":{"line":9,"column":23},"end":{"line":9,"column":59}},"type":"binary-expr","locations":[{"start":{"line":9,"column":23},"end":{"line":9,"column":47}},{"start":{"line":9,"column":51},"end":{"line":9,"column":59}}]},"1":{"loc":{"start":{"line":14,"column":16},"end":{"line":14,"column":69}},"type":"binary-expr","locations":[{"start":{"line":14,"column":16},"end":{"line":14,"column":42}},{"start":{"line":14,"column":46},"end":{"line":14,"column":69}}]},"2":{"loc":{"start":{"line":16,"column":21},"end":{"line":16,"column":60}},"type":"binary-expr","locations":[{"start":{"line":16,"column":21},"end":{"line":16,"column":49}},{"start":{"line":16,"column":53},"end":{"line":16,"column":60}}]},"3":{"loc":{"start":{"line":17,"column":25},"end":{"line":17,"column":70}},"type":"binary-expr","locations":[{"start":{"line":17,"column":25},"end":{"line":17,"column":53}},{"start":{"line":17,"column":57},"end":{"line":17,"column":70}}]}},"s":{"0":0,"1":0,"2":0,"3":0,"4":0,"5":0,"6":0,"7":0,"8":0,"9":0},"f":{"0":0,"1":0},"b":{"0":[0,0],"1":[0,0],"2":[0,0],"3":[0,0]}}
}
